<?xml version="1.0" encoding="UTF-8"?>
<!-- Generated by org.testng.reporters.JUnitReportReporter -->
<testsuite hostname="LAPTOP-02ALHR5V" failures="0" tests="1" name="accountTests.CreateAccountTest" time="8.103" errors="0" timestamp="2022-11-29T13:30:51 UYT" skipped="0">
  <testcase classname="accountTests.CreateAccountTest" name="testCrearCuentaMineria" time="8.103"/>
  <system-out/>
</testsuite> <!-- accountTests.CreateAccountTest -->
